Log file open, 11/04/21 10:12:44
LogWindows: Failed to load 'aqProf.dll' (GetLastError=126)
LogWindows: File 'aqProf.dll' does not exist
LogWindows: Failed to load 'VSPerf140.dll' (GetLastError=126)
LogWindows: File 'VSPerf140.dll' does not exist
LogWindows: Failed to load 'VtuneApi.dll' (GetLastError=126)
LogWindows: File 'VtuneApi.dll' does not exist
LogWindows: Failed to load 'VtuneApi32e.dll' (GetLastError=126)
LogWindows: File 'VtuneApi32e.dll' does not exist
LogInit: Display: Running engine for game: MySecProject
LogPlatformFile: Not using cached read wrapper
LogTaskGraph: Started task graph with 5 named threads and 71 total threads with 3 sets of task threads.
LogStats: Stats thread started at 1.130919
LogD3D11RHI: Loaded GFSDK_Aftermath_Lib.x64.dll
LogICUInternationalization: Display: ICU TimeZone Detection - Raw Offset: +9:00, Platform Override: ''
LogPluginManager: Mounting plugin Paper2D
LogPluginManager: Mounting plugin AISupport
LogPluginManager: Mounting plugin LightPropagationVolume
LogPluginManager: Mounting plugin CLionSourceCodeAccess
LogPluginManager: Mounting plugin CodeLiteSourceCodeAccess
LogPluginManager: Mounting plugin GitSourceControl
LogPluginManager: Mounting plugin KDevelopSourceCodeAccess
LogPluginManager: Mounting plugin NullSourceCodeAccess
LogPluginManager: Mounting plugin PerforceSourceControl
LogPluginManager: Mounting plugin SubversionSourceControl
LogPluginManager: Mounting plugin UObjectPlugin
LogPluginManager: Mounting plugin VisualStudioCodeSourceCodeAccess
LogPluginManager: Mounting plugin VisualStudioSourceCodeAccess
LogPluginManager: Mounting plugin XCodeSourceCodeAccess
LogPluginManager: Mounting plugin AssetManagerEditor
LogPluginManager: Mounting plugin CryptoKeys
LogPluginManager: Mounting plugin DataValidation
LogPluginManager: Mounting plugin EditorScriptingUtilities
LogPluginManager: Mounting plugin FacialAnimation
LogPluginManager: Mounting plugin GameplayTagsEditor
LogPluginManager: Mounting plugin MacGraphicsSwitching
LogPluginManager: Mounting plugin MeshEditor
LogPluginManager: Mounting plugin MobileLauncherProfileWizard
LogPluginManager: Mounting plugin PluginBrowser
LogPluginManager: Mounting plugin SpeedTreeImporter
LogPluginManager: Mounting plugin DatasmithContent
LogPluginManager: Mounting plugin AlembicImporter
LogPluginManager: Mounting plugin AppleImageUtils
LogPluginManager: Mounting plugin AppleVision
LogPluginManager: Mounting plugin BackChannel
LogPluginManager: Mounting plugin CharacterAI
LogPluginManager: Mounting plugin GeometryCache
LogPluginManager: Mounting plugin HTML5Networking
LogPluginManager: Mounting plugin ProxyLODPlugin
LogPluginManager: Mounting plugin MagicLeap
LogPluginManager: Mounting plugin MagicLeapEmulator
LogPluginManager: Mounting plugin MagicLeapMedia
LogPluginManager: Mounting plugin AndroidMedia
LogPluginManager: Mounting plugin AvfMedia
LogPluginManager: Mounting plugin ImgMedia
LogPluginManager: Mounting plugin LinearTimecode
LogPluginManager: Mounting plugin MediaCompositing
LogPluginManager: Mounting plugin MediaPlayerEditor
LogPluginManager: Mounting plugin WmfMedia
LogPluginManager: Mounting plugin TcpMessaging
LogPluginManager: Mounting plugin UdpMessaging
LogPluginManager: Mounting plugin ActorSequence
LogPluginManager: Mounting plugin LevelSequenceEditor
LogPluginManager: Mounting plugin MatineeToLevelSequence
LogPluginManager: Mounting plugin NetcodeUnitTest
LogPluginManager: Mounting plugin NUTUnrealEngine4
LogPluginManager: Mounting plugin OnlineSubsystemGooglePlay
LogPluginManager: Mounting plugin OnlineSubsystemIOS
LogPluginManager: Mounting plugin OnlineSubsystem
LogPluginManager: Mounting plugin OnlineSubsystemNull
LogPluginManager: Mounting plugin OnlineSubsystemUtils
LogPluginManager: Mounting plugin LauncherChunkInstaller
LogPluginManager: Mounting plugin AndroidDeviceProfileSelector
LogPluginManager: Mounting plugin AndroidMoviePlayer
LogPluginManager: Mounting plugin AndroidPermission
LogPluginManager: Mounting plugin AppleMoviePlayer
LogPluginManager: Mounting plugin ArchVisCharacter
LogPluginManager: Mounting plugin AudioCapture
LogPluginManager: Mounting plugin CableComponent
LogPluginManager: Mounting plugin CustomMeshComponent
LogPluginManager: Mounting plugin EditableMesh
LogPluginManager: Mounting plugin ExampleDeviceProfileSelector
LogPluginManager: Mounting plugin GoogleCloudMessaging
LogPluginManager: Mounting plugin ImmediatePhysics
LogPluginManager: Mounting plugin IOSDeviceProfileSelector
LogPluginManager: Mounting plugin LinuxDeviceProfileSelector
LogPluginManager: Mounting plugin LocationServicesBPLibrary
LogPluginManager: Mounting plugin MobilePatchingUtils
LogPluginManager: Mounting plugin OculusVR
LogPluginManager: Plugin shader directory ../../../Engine/Plugins/Runtime/Oculus/OculusVR/Shaders found
LogPluginManager: Mapping shader source directory ../../../Engine/Plugins/Runtime/Oculus/OculusVR/Shaders to virtual directory /Plugin/OculusVR
LogPluginManager: Mounting plugin PhysXVehicles
LogPluginManager: Mounting plugin ProceduralMeshComponent
LogPluginManager: Mounting plugin RuntimePhysXCooking
LogPluginManager: Mounting plugin SteamVR
LogPluginManager: Mounting plugin WindowsMoviePlayer
LogPluginManager: Mounting plugin DatasmithCADImporter
LogPluginManager: Mounting plugin DatasmithFBXImporter
LogPluginManager: Mounting plugin DatasmithImporter
LogPluginManager: Mounting plugin DatasmithMDLImporter
LogPluginManager: Mounting plugin StaticMeshEditorExtension
LogStreaming: Display: Took  0.092s to configure plugins.
LogInit: Using libcurl 7.55.1-DEV
LogInit:  - built for x86_64-pc-win32
LogInit:  - supports SSL with OpenSSL/1.0.2h
LogInit:  - supports HTTP deflate (compression) using libz 1.2.8
LogInit:  - other features:
LogInit:      CURL_VERSION_SSL
LogInit:      CURL_VERSION_LIBZ
LogInit:      CURL_VERSION_IPV6
LogInit:      CURL_VERSION_ASYNCHDNS
LogInit:      CURL_VERSION_LARGEFILE
LogInit:      CURL_VERSION_IDN
LogInit:  CurlRequestOptions (configurable via config and command line):
LogInit:  - bVerifyPeer = false  - Libcurl will NOT verify peer certificate
LogInit:  - bUseHttpProxy = false  - Libcurl will NOT use HTTP proxy
LogInit:  - bDontReuseConnections = false  - Libcurl will reuse connections
LogInit:  - CertBundlePath = nullptr  - Libcurl will use whatever was configured at build time.
LogInit:  - MaxHostConnections = 16  - Libcurl will limit the number of connections to a host
LogInit:  - LocalHostAddr = Default
LogInit:  - BufferSize = 65536
LogInit: WinSock: version 1.1 (2.2), MaxSocks=32767, MaxUdp=65467
LogHMD: Failed initializing OVRPlugin 1.25.0
LogInit: Build: ++UE4+Release-4.20-CL-4369336
LogInit: Engine Version: 4.20.3-4369336+++UE4+Release-4.20
LogInit: Compatible Engine Version: 4.20.0-4212847+++UE4+Release-4.20
LogInit: Net CL: 4212847
LogInit: OS: Windows 10 (), CPU: AMD Ryzen 9 3900X 12-Core Processor            , GPU: NVIDIA GeForce RTX 2060 SUPER
LogInit: Compiled (64-bit): Sep 17 2018 12:26:19
LogInit: Compiled with Visual C++: 19.13.26129.00
LogInit: Build Configuration: Development
LogInit: Branch Name: ++UE4+Release-4.20
LogInit: Command Line: 
LogInit: Base Directory: D:/UE_4.20/Engine/Binaries/Win64/
LogInit: Installed Engine Build: 1
LogDevObjectVersion: Number of dev versions registered: 20
LogDevObjectVersion:   Dev-Blueprints (B0D832E4-1F89-4F0D-ACCF-7EB736FD4AA2): 10
LogDevObjectVersion:   Dev-Build (E1C64328-A22C-4D53-A36C-8E866417BD8C): 0
LogDevObjectVersion:   Dev-Core (375EC13C-06E4-48FB-B500-84F0262A717E): 2
LogDevObjectVersion:   Dev-Editor (E4B068ED-F494-42E9-A231-DA0B2E46BB41): 24
LogDevObjectVersion:   Dev-Framework (CFFC743F-43B0-4480-9391-14DF171D2073): 34
LogDevObjectVersion:   Dev-Mobile (B02B49B5-BB20-44E9-A304-32B752E40360): 2
LogDevObjectVersion:   Dev-Networking (A4E4105C-59A1-49B5-A7C5-40C4547EDFEE): 0
LogDevObjectVersion:   Dev-Online (39C831C9-5AE6-47DC-9A44-9C173E1C8E7C): 0
LogDevObjectVersion:   Dev-Physics (78F01B33-EBEA-4F98-B9B4-84EACCB95AA2): 0
LogDevObjectVersion:   Dev-Platform (6631380F-2D4D-43E0-8009-CF276956A95A): 0
LogDevObjectVersion:   Dev-Rendering (12F88B9F-8875-4AFC-A67C-D90C383ABD29): 26
LogDevObjectVersion:   Dev-Sequencer (7B5AE74C-D270-4C10-A958-57980B212A5A): 9
LogDevObjectVersion:   Dev-VR (D7296918-1DD6-4BDD-9DE2-64A83CC13884): 2
LogDevObjectVersion:   Dev-LoadTimes (C2A15278-BFE7-4AFE-6C17-90FF531DF755): 1
LogDevObjectVersion:   Private-Geometry (6EACA3D4-40EC-4CC1-B786-8BED09428FC5): 3
LogDevObjectVersion:   Dev-AnimPhys (29E575DD-E0A3-4627-9D10-D276232CDCEA): 17
LogDevObjectVersion:   Dev-ReflectionCapture (6B266CEC-1EC7-4B8F-A30B-E4D90942FC07): 1
LogDevObjectVersion:   Dev-Automation (0DF73D61-A23F-47EA-B727-89E90C41499A): 1
LogDevObjectVersion:   FortniteMain (601D1886-AC64-4F84-AA16-D3DE0DEAC7D6): 12
LogDevObjectVersion:   Dev-Enterprise (9DFFBCD6-494F-0158-E221-12823C92A888): 1
LogStreaming: Display: Took  0.000s to delete old logs.
LogInit: Presizing for max 8388607 objects, including 0 objects not considered by GC, pre-allocating 0 bytes for permanent pool.
LogInit: Object subsystem initialized
[2021.11.04-01.12.45:629][  0]LogInit: Selected Device Profile: [Windows]
[2021.11.04-01.12.45:629][  0]LogInit: Applying CVar settings loaded from the selected device profile: [Windows]
[2021.11.04-01.12.45:636][  0]LogHAL: Display: Platform has ~ 32 GB [34269368320 / 34359738368 / 32], which maps to Largest [LargestMinGB=32, LargerMinGB=12, DefaultMinGB=8, SmallerMinGB=6, SmallestMinGB=0)
[2021.11.04-01.12.45:636][  0]LogInit: Setting Device Profile CVar: [[r.Vulkan.UseRealUBs:1]]
[2021.11.04-01.12.45:636][  0]LogInit: Going up to parent DeviceProfile []
[2021.11.04-01.12.45:636][  0]LogInit: Computer: DESKTOP-QK7E7VH
[2021.11.04-01.12.45:636][  0]LogInit: User: Wangjunyoung
[2021.11.04-01.12.45:636][  0]LogInit: CPU Page size=4096, Cores=12
[2021.11.04-01.12.45:637][  0]LogInit: High frequency timer resolution =10.000000 MHz
[2021.11.04-01.12.45:637][  0]LogMemory: Memory total: Physical=31.9GB (32GB approx)
[2021.11.04-01.12.45:637][  0]LogMemory: Platform Memory Stats for Windows
[2021.11.04-01.12.45:637][  0]LogMemory: Process Physical Memory: 107.29 MB used, 107.29 MB peak
[2021.11.04-01.12.45:637][  0]LogMemory: Process Virtual Memory: 96.87 MB used, 96.87 MB peak
[2021.11.04-01.12.45:637][  0]LogMemory: Physical Memory: 8169.03 MB used,  24512.79 MB free, 32681.82 MB total
[2021.11.04-01.12.45:637][  0]LogMemory: Virtual Memory: 4722.88 MB used,  24512.79 MB free, 134217728.00 MB total
[2021.11.04-01.12.45:660][  0]LogInit: Using OS detected language (ko-KR).
[2021.11.04-01.12.45:660][  0]LogInit: Using OS detected locale (ja-JP).
[2021.11.04-01.12.45:660][  0]LogTextLocalizationManager: No specific localization for 'ko-KR' exists, so the 'ko' localization will be used.
[2021.11.04-01.12.45:945][  0]LogStreaming: Display: Took  0.285s to InitEngineTextLocalization.
[2021.11.04-01.12.45:945][  0]LogInit: Setting process to per monitor DPI aware
[2021.11.04-01.12.45:986][  0]LogSlate: New Slate User Created.  User Index 0, Is Virtual User: 0
[2021.11.04-01.12.45:986][  0]LogSlate: Slate User Registered.  User Index 0, Is Virtual User: 0
[2021.11.04-01.12.46:142][  0]LogHMD: Failed to initialize OpenVR with code 126
[2021.11.04-01.12.46:142][  0]LogD3D11RHI: D3D11 adapters:
[2021.11.04-01.12.46:221][  0]LogD3D11RHI:    0. 'NVIDIA GeForce RTX 2060 SUPER' (Feature Level 11_0)
[2021.11.04-01.12.46:221][  0]LogD3D11RHI:       8031/0/16340 MB DedicatedVideo/DedicatedSystem/SharedSystem, Outputs:2, VendorId:0x10de
[2021.11.04-01.12.46:222][  0]LogD3D11RHI:    1. 'Microsoft Basic Render Driver' (Feature Level 11_0)
[2021.11.04-01.12.46:223][  0]LogD3D11RHI:       0/0/16340 MB DedicatedVideo/DedicatedSystem/SharedSystem, Outputs:0, VendorId:0x1414
[2021.11.04-01.12.46:223][  0]LogD3D11RHI: Chosen D3D11 Adapter: 0
[2021.11.04-01.12.46:229][  0]LogD3D11RHI: Creating new Direct3DDevice
[2021.11.04-01.12.46:229][  0]LogD3D11RHI:     GPU DeviceId: 0x1f06 (for the marketing name, search the web for "GPU Device Id")
[2021.11.04-01.12.46:229][  0]LogWindows: EnumDisplayDevices:
[2021.11.04-01.12.46:229][  0]LogWindows:    0. 'NVIDIA GeForce RTX 2060 SUPER' (P:1 D:1)
[2021.11.04-01.12.46:229][  0]LogWindows:    1. 'NVIDIA GeForce RTX 2060 SUPER' (P:0 D:1)
[2021.11.04-01.12.46:229][  0]LogWindows:    2. 'NVIDIA GeForce RTX 2060 SUPER' (P:0 D:0)
[2021.11.04-01.12.46:229][  0]LogWindows:    3. 'NVIDIA GeForce RTX 2060 SUPER' (P:0 D:0)
[2021.11.04-01.12.46:229][  0]LogWindows: DebugString: FoundDriverCount:4 
[2021.11.04-01.12.46:229][  0]LogD3D11RHI:     Adapter Name: NVIDIA GeForce RTX 2060 SUPER
[2021.11.04-01.12.46:229][  0]LogD3D11RHI:   Driver Version: 456.71 (internal:27.21.14.5671, unified:456.71)
[2021.11.04-01.12.46:229][  0]LogD3D11RHI:      Driver Date: 9-30-2020
[2021.11.04-01.12.46:230][  0]LogRHI: Texture pool is 5621 MB (70% of 8031 MB)
[2021.11.04-01.12.46:280][  0]LogD3D11RHI: Async texture creation enabled
[2021.11.04-01.12.46:303][  0]LogD3D11RHI: GPU Timing Frequency: 1000.000000 (Debug: 2 2)
[2021.11.04-01.12.46:305][  0]LogShaderCompilers: Guid format shader working directory is 1 characters bigger than the processId version (E:/UnrealGithub/D-2/Unreal_Second_Repo/MySecProject/Intermediate/Shaders/WorkingDirectory/22424/).
[2021.11.04-01.12.46:305][  0]LogShaderCompilers: Cleaned the shader compiler working directory 'C:/Users/WANGJUNYOUNG/AppData/Local/Temp/UnrealShaderWorkingDir/4565CC7549AA180B326B12841F8E6FAB/'.
[2021.11.04-01.12.46:501][  0]LogTemp: Display: Loaded TP AllDesktopTargetPlatform
[2021.11.04-01.12.46:512][  0]LogTemp: Display: Loaded TP MacClientTargetPlatform
[2021.11.04-01.12.46:522][  0]LogTemp: Display: Loaded TP MacNoEditorTargetPlatform
[2021.11.04-01.12.46:532][  0]LogTemp: Display: Loaded TP MacServerTargetPlatform
[2021.11.04-01.12.46:542][  0]LogTemp: Display: Loaded TP MacTargetPlatform
[2021.11.04-01.12.46:553][  0]LogTemp: Display: Loaded TP WindowsClientTargetPlatform
[2021.11.04-01.12.46:563][  0]LogTemp: Display: Loaded TP WindowsNoEditorTargetPlatform
[2021.11.04-01.12.46:573][  0]LogTemp: Display: Loaded TP WindowsServerTargetPlatform
[2021.11.04-01.12.46:578][  0]LogTemp: Display: Loaded TP WindowsTargetPlatform
[2021.11.04-01.12.46:640][  0]LogTemp: Display: Loaded TP AndroidTargetPlatform
[2021.11.04-01.12.46:640][  0]LogTemp: Display: Loaded TP AndroidTargetPlatform
[2021.11.04-01.12.46:640][  0]LogTemp: Display: Loaded TP AndroidTargetPlatform
[2021.11.04-01.12.46:640][  0]LogTemp: Display: Loaded TP AndroidTargetPlatform
[2021.11.04-01.12.46:640][  0]LogTemp: Display: Loaded TP AndroidTargetPlatform
[2021.11.04-01.12.46:640][  0]LogTemp: Display: Loaded TP AndroidTargetPlatform
[2021.11.04-01.12.46:640][  0]LogTemp: Display: Loaded TP AndroidTargetPlatform
[2021.11.04-01.12.46:640][  0]LogTemp: Display: Loaded TP AndroidTargetPlatform
[2021.11.04-01.12.46:640][  0]LogTemp: Display: Loaded TP AndroidTargetPlatform
[2021.11.04-01.12.46:640][  0]LogTemp: Display: Loaded TP AndroidTargetPlatform
[2021.11.04-01.12.46:640][  0]LogTemp: Display: Loaded TP AndroidTargetPlatform
[2021.11.04-01.12.46:640][  0]LogTemp: Display: Loaded TP AndroidTargetPlatform
[2021.11.04-01.12.46:640][  0]LogTemp: Display: Loaded TP AndroidTargetPlatform
[2021.11.04-01.12.46:640][  0]LogTemp: Display: Loaded TP AndroidTargetPlatform
[2021.11.04-01.12.46:640][  0]LogTemp: Display: Loaded TP AndroidTargetPlatform
[2021.11.04-01.12.46:640][  0]LogTemp: Display: Loaded TP AndroidTargetPlatform
[2021.11.04-01.12.46:640][  0]LogTemp: Display: Loaded TP AndroidTargetPlatform
[2021.11.04-01.12.46:640][  0]LogTemp: Display: Loaded TP AndroidTargetPlatform
[2021.11.04-01.12.46:641][  0]LogTemp: Display: Loaded TP HTML5TargetPlatform
[2021.11.04-01.12.46:696][  0]LogTemp: Display: Loaded TP IOSTargetPlatform
[2021.11.04-01.12.46:696][  0]LogTemp: Display: Loaded TP IOSTargetPlatform
[2021.11.04-01.12.46:715][  0]LogTemp: Display: Loaded TP TVOSTargetPlatform
[2021.11.04-01.12.46:715][  0]LogTemp: Display: Loaded TP TVOSTargetPlatform
[2021.11.04-01.12.46:725][  0]LogTemp: Display: Loaded TP LinuxClientTargetPlatform
[2021.11.04-01.12.46:734][  0]LogTemp: Display: Loaded TP LinuxNoEditorTargetPlatform
[2021.11.04-01.12.46:744][  0]LogTemp: Display: Loaded TP LinuxServerTargetPlatform
[2021.11.04-01.12.46:754][  0]LogTemp: Display: Loaded TP LinuxTargetPlatform
[2021.11.04-01.12.46:761][  0]LogTemp: Display: Loaded TP LuminTargetPlatform
[2021.11.04-01.12.46:761][  0]LogTargetPlatformManager: Display: Building Assets For Windows
[2021.11.04-01.12.46:801][  0]LogXGEController: Cannot use XGE Controller as Incredibuild is not installed on this machine.
[2021.11.04-01.12.46:801][  0]LogShaderCompilers: Cannot use XGE Shader Compiler as Incredibuild is not installed on this machine.
[2021.11.04-01.12.46:801][  0]LogShaderCompilers: Display: Using Local Shader Compiler.
[2021.11.04-01.12.47:326][  0]LogDerivedDataCache: Display: Max Cache Size: 512 MB
[2021.11.04-01.12.47:361][  0]LogDerivedDataCache: Loaded boot cache 0.04s 72MB C:/Users/WANGJUNYOUNG/AppData/Local/UnrealEngine/4.20/DerivedDataCache/Boot.ddc.
[2021.11.04-01.12.47:361][  0]LogDerivedDataCache: Display: Loaded Boot cache: C:/Users/WANGJUNYOUNG/AppData/Local/UnrealEngine/4.20/DerivedDataCache/Boot.ddc
[2021.11.04-01.12.47:362][  0]LogDerivedDataCache: FDerivedDataBackendGraph:  Pak pak cache file E:/UnrealGithub/D-2/Unreal_Second_Repo/MySecProject/DerivedDataCache/DDC.ddp not found, will not use a pak cache.
[2021.11.04-01.12.47:362][  0]LogDerivedDataCache: Unable to find inner node Pak for hierarchical cache Hierarchy.
[2021.11.04-01.12.47:362][  0]LogDerivedDataCache: FDerivedDataBackendGraph:  CompressedPak pak cache file E:/UnrealGithub/D-2/Unreal_Second_Repo/MySecProject/DerivedDataCache/Compressed.ddp not found, will not use a pak cache.
[2021.11.04-01.12.47:362][  0]LogDerivedDataCache: Unable to find inner node CompressedPak for hierarchical cache Hierarchy.
[2021.11.04-01.12.47:376][  0]LogDerivedDataCache: Display: Pak cache opened for reading ../../../Engine/DerivedDataCache/Compressed.ddp.
[2021.11.04-01.12.47:388][  0]LogDerivedDataCache: Using Local data cache path C:/Users/WANGJUNYOUNG/AppData/Local/UnrealEngine/Common/DerivedDataCache: Writable
[2021.11.04-01.12.47:388][  0]LogDerivedDataCache: Shared data cache path not found in *engine.ini, will not use an Shared cache.
[2021.11.04-01.12.47:388][  0]LogDerivedDataCache: Unable to find inner node Shared for hierarchical cache Hierarchy.
[2021.11.04-01.12.47:402][  0]LogMaterial: Verifying Global Shaders for PCD3D_SM5
[2021.11.04-01.12.47:403][  0]LogSlate: Using FreeType 2.6.0
[2021.11.04-01.12.47:403][  0]LogSlate: SlateFontServices - WITH_FREETYPE: 1, WITH_HARFBUZZ: 1
[2021.11.04-01.12.47:466][  0]LogAssetRegistry: FAssetRegistry took 0.0253 seconds to start up
[2021.11.04-01.12.47:709][  0]LogInit: Selected Device Profile: [Windows]
[2021.11.04-01.12.47:799][  0]LogSimplygon: Simplygon DLL not present - disabling.
[2021.11.04-01.12.47:801][  0]LogMeshReduction: Using SimplygonSwarm for distributed automatic mesh merging
[2021.11.04-01.12.47:801][  0]LogMeshReduction: Using ProxyLODMeshReduction for automatic mesh merging
[2021.11.04-01.12.47:801][  0]LogMeshReduction: Using QuadricMeshReduction for automatic static mesh reduction
[2021.11.04-01.12.47:801][  0]LogMeshReduction: No automatic skeletal mesh reduction module available
[2021.11.04-01.12.47:812][  0]LogNetVersion: MySecProject 1.0.0, NetCL: 4212847, EngineNetVer: 5, GameNetVer: 0 (Checksum: 173953729)
[2021.11.04-01.12.48:143][  0]LogPackageLocalizationCache: Processed 13 localized package path(s) for 2 prioritized culture(s) in 0.063771 seconds
[2021.11.04-01.12.48:148][  0]LogUObjectArray: 38426 objects as part of root set at end of initial load.
[2021.11.04-01.12.48:148][  0]LogUObjectAllocator: 6691096 out of 0 bytes used by permanent object pool.
[2021.11.04-01.12.48:148][  0]LogUObjectArray: CloseDisregardForGC: 0/0 objects in disregard for GC pool
[2021.11.04-01.12.48:719][  0]LogTcpMessaging: Initializing TcpMessaging bridge
[2021.11.04-01.12.48:732][  0]LogUdpMessaging: Initializing bridge on interface 0.0.0.0:0 to multicast group 230.0.0.1:6666.
[2021.11.04-01.12.48:851][  0]SourceControl: 소스 컨트롤이 꺼졌습니다.
[2021.11.04-01.12.48:851][  0]SourceControl: 소스 컨트롤이 꺼졌습니다.
[2021.11.04-01.12.48:852][  0]SourceControl: 소스 컨트롤이 꺼졌습니다.
[2021.11.04-01.12.48:853][  0]SourceControl: 소스 컨트롤이 꺼졌습니다.
[2021.11.04-01.12.48:997][  0]LogAndroidPermission: UAndroidPermissionCallbackProxy::GetInstance
[2021.11.04-01.12.49:095][  0]LogOcInput: OculusInput pre-init called
[2021.11.04-01.12.50:355][  0]LogEngine: Initializing Engine...
[2021.11.04-01.12.50:410][  0]LogHMD: Failed to initialize OpenVR with code 108
[2021.11.04-01.12.50:411][  0]LogStats: UGameplayTagsManager::ConstructGameplayTagTree: ImportINI prefixes -  0.000 s
[2021.11.04-01.12.50:411][  0]LogStats: UGameplayTagsManager::ConstructGameplayTagTree: Construct from data asset -  0.000 s
[2021.11.04-01.12.50:411][  0]LogStats: UGameplayTagsManager::ConstructGameplayTagTree: ImportINI -  0.000 s
[2021.11.04-01.12.50:411][  0]LogStats: UGameplayTagsManager::ConstructGameplayTagTree: GameplayTagTreeChangedEvent.Broadcast -  0.000 s
[2021.11.04-01.12.50:535][  0]LogInit: Initializing FReadOnlyCVARCache
[2021.11.04-01.12.50:544][  0]LogAIModule: Creating AISystem for world Untitled
[2021.11.04-01.12.50:580][  0]LogInit: XAudio2 using '스피커(High Definition Audio Device)' : 2 channels at 48 kHz using 16 bits per sample (channel mask 0x3)
[2021.11.04-01.12.50:609][  0]LogInit: FAudioDevice initialized.
[2021.11.04-01.12.50:609][  0]LogNetVersion: Set ProjectVersion to 1.0.0.0. Version Checksum will be recalculated on next use.
[2021.11.04-01.12.50:776][  0]LogDerivedDataCache: Saved boot cache 0.17s 72MB C:/Users/WANGJUNYOUNG/AppData/Local/UnrealEngine/4.20/DerivedDataCache/Boot.ddc.
[2021.11.04-01.12.50:778][  0]LogInit: Texture streaming: Enabled
[2021.11.04-01.12.50:790][  0]LogEngineSessionManager: EngineSessionManager initialized
[2021.11.04-01.12.50:800][  0]LogInit: Transaction tracking system initialized
[2021.11.04-01.12.50:816][  0]BlueprintLog: New page: 에디터 로드
[2021.11.04-01.12.50:867][  0]LocalizationService: 현지화 서비스가 비활성화되었습니다.
[2021.11.04-01.12.51:094][  0]LogCook: Display: Max memory allowance for cook 16384mb min free memory 0mb
[2021.11.04-01.12.51:094][  0]LogCook: Display: Mobile HDR setting 1
[2021.11.04-01.12.51:094][  0]LogGameplayTags: Display: UGameplayTagsManager::DoneAddingNativeTags. DelegateIsBound: 0
[2021.11.04-01.12.51:094][  0]LogStats: UGameplayTagsManager::ConstructGameplayTagTree: ImportINI prefixes -  0.000 s
[2021.11.04-01.12.51:094][  0]LogStats: UGameplayTagsManager::ConstructGameplayTagTree: Construct from data asset -  0.000 s
[2021.11.04-01.12.51:094][  0]LogStats: UGameplayTagsManager::ConstructGameplayTagTree: ImportINI -  0.000 s
[2021.11.04-01.12.51:094][  0]LogStats: UGameplayTagsManager::ConstructGameplayTagTree: GameplayTagTreeChangedEvent.Broadcast -  0.000 s
[2021.11.04-01.12.51:164][  0]LogFileCache: Scanning file cache for directory 'E:/UnrealGithub/D-2/Unreal_Second_Repo/MySecProject/Content/' took 0.01s
[2021.11.04-01.12.51:960][  0]SourceControl: 소스 컨트롤이 꺼졌습니다.
[2021.11.04-01.12.51:960][  0]Cmd: MAP LOAD FILE="E:/UnrealGithub/D-2/Unreal_Second_Repo/MySecProject/Content/Maps/MoveTestMap.umap" TEMPLATE=0 SHOWPROGRESS=1 FEATURELEVEL=3
[2021.11.04-01.12.51:960][  0]LightingResults: New page: 라이팅 빌드
[2021.11.04-01.12.51:962][  0]MapCheck: New page: 맵 체크
[2021.11.04-01.12.51:962][  0]LightingResults: New page: 라이팅 빌드
[2021.11.04-01.12.52:086][  0]LogAIModule: Creating AISystem for world MoveTestMap
[2021.11.04-01.12.52:090][  0]LogEditorServer: Finished looking for orphan Actors (0.000 secs)
[2021.11.04-01.12.52:116][  0]Cmd: MAP CHECKDEP NOCLEARLOG
[2021.11.04-01.12.52:156][  0]MapCheck: 맵 체크 완료: 오류 0 회, 경고 0 회, 소요 시간 40.169ms.
[2021.11.04-01.12.52:156][  0]LogFileHelpers: Loading map 'MoveTestMap' took 0.197
[2021.11.04-01.12.52:236][  0]LogSlate: Updating window title bar state: overlay mode, drag disabled, window buttons hidden, title bar hidden
[2021.11.04-01.12.52:241][  0]LogSlate: Updating window title bar state: overlay mode, drag disabled, window buttons hidden, title bar hidden
[2021.11.04-01.12.52:245][  0]LogSlate: Updating window title bar state: overlay mode, drag disabled, window buttons hidden, title bar hidden
[2021.11.04-01.12.52:250][  0]LogSlate: Updating window title bar state: overlay mode, drag disabled, window buttons hidden, title bar hidden
[2021.11.04-01.12.52:254][  0]LogCollectionManager: Loaded 0 collections in 0.001186 seconds
[2021.11.04-01.12.52:292][  0]LogFileCache: Scanning file cache for directory 'E:/UnrealGithub/D-2/Unreal_Second_Repo/MySecProject/Saved/Collections/' took 0.01s
[2021.11.04-01.12.52:292][  0]LogFileCache: Scanning file cache for directory 'E:/UnrealGithub/D-2/Unreal_Second_Repo/MySecProject/Content/Developers/Wangjunyoung/Collections/' took 0.01s
[2021.11.04-01.12.52:293][  0]LogFileCache: Scanning file cache for directory 'E:/UnrealGithub/D-2/Unreal_Second_Repo/MySecProject/Content/Collections/' took 0.01s
[2021.11.04-01.12.52:293][  0]LogCollectionManager: Rebuilt the GUID cache for 0 collections in 0.000001 seconds
[2021.11.04-01.12.52:301][  0]LogContentBrowser: Native class hierarchy populated in 0.0083 seconds. Added 2624 classes and 631 folders.
[2021.11.04-01.12.52:305][  0]LogContentBrowser: Native class hierarchy updated for 'WidgetCarousel' in 0.0003 seconds. Added 0 classes and 0 folders.
[2021.11.04-01.12.52:335][  0]LogContentBrowser: Native class hierarchy updated for 'AddContentDialog' in 0.0003 seconds. Added 0 classes and 0 folders.
[2021.11.04-01.12.52:339][  0]LogContentBrowser: Native class hierarchy updated for 'SceneOutliner' in 0.0004 seconds. Added 1 classes and 2 folders.
[2021.11.04-01.12.52:351][  0]LogSlate: Took 0.000160 seconds to synchronously load lazily loaded font '../../../Engine/Content/Slate/Fonts/Roboto-Regular.ttf' (155K)
[2021.11.04-01.12.52:354][  0]LogSlate: Took 0.001536 seconds to synchronously load lazily loaded font '../../../Engine/Content/Editor/Slate/Fonts/NanumGothic.ttf' (4243K)
[2021.11.04-01.12.52:355][  0]LogSlate: Took 0.001431 seconds to synchronously load lazily loaded font '../../../Engine/Content/Editor/Slate/Fonts/NanumGothicBold.ttf' (4188K)
[2021.11.04-01.12.52:356][  0]LogSlate: Took 0.000105 seconds to synchronously load lazily loaded font '../../../Engine/Content/Slate/Fonts/Roboto-Bold.ttf' (160K)
[2021.11.04-01.12.52:359][  0]LogSlate: Took 0.000121 seconds to synchronously load lazily loaded font '../../../Engine/Content/Editor/Slate/Fonts/FontAwesome.ttf' (139K)
[2021.11.04-01.12.52:413][  0]LogRenderer: Reallocating scene render targets to support 1168x600 Format 10 NumSamples 1 (Frame:1).
[2021.11.04-01.12.52:441][  0]LogSlate: Took 0.001487 seconds to synchronously load lazily loaded font '../../../Engine/Content/Slate/Fonts/../../Editor/Slate/Fonts/NanumGothic.ttf' (4243K)
[2021.11.04-01.12.52:503][  0]LogContentBrowser: Native class hierarchy updated for 'HierarchicalLODOutliner' in 0.0004 seconds. Added 0 classes and 0 folders.
[2021.11.04-01.12.52:503][  0]LogLoad: (Engine Initialization) Total time: 10.02 seconds
[2021.11.04-01.12.52:503][  0]LogLoad: (Engine Initialization) Total Blueprint compile time: 0.00 seconds
[2021.11.04-01.12.52:531][  0]LogAssetRegistry: Asset discovery search completed in 5.0874 seconds
[2021.11.04-01.12.52:532][  0]LogCollectionManager: Rebuilt the object cache for 0 collections in 0.000000 seconds (found 0 objects)
[2021.11.04-01.12.52:532][  0]LogCollectionManager: Fixed up redirectors for 0 collections in 0.000028 seconds (updated 0 objects)
[2021.11.04-01.12.52:534][  0]LogContentStreaming: Texture pool size now 1000 MB
[2021.11.04-01.12.52:548][  0]LogSlate: Took 0.000169 seconds to synchronously load lazily loaded font '../../../Engine/Content/Slate/Fonts/Roboto-Light.ttf' (167K)
[2021.11.04-01.12.53:523][116]LogSlate: Took 0.000183 seconds to synchronously load lazily loaded font '../../../Engine/Content/Slate/Fonts/Roboto-Light.ttf' (167K)
[2021.11.04-01.12.56:225][439]LogSlate: FSceneViewport::OnFocusLost() reason 0
[2021.11.04-01.12.58:411][692]LogAssetEditorManager: Opening Asset editor for Blueprint /Game/Blueprints/MyMySecProjectGameModeBase.MyMySecProjectGameModeBase
[2021.11.04-01.12.58:742][692]LogContentBrowser: Native class hierarchy updated for 'BlueprintGraph' in 0.0007 seconds. Added 116 classes and 0 folders.
[2021.11.04-01.12.59:291][692]LogAssetEditorManager: Opening Asset editor for Blueprint /Game/Blueprints/BP_ClickToMoveCharacter.BP_ClickToMoveCharacter
[2021.11.04-01.13.26:037][840]LogSlate: Window '클래스 디폴트' being destroyed
[2021.11.04-01.13.44:479][ 36]LogSlate: Window '찾기 결과' being destroyed
[2021.11.04-01.13.44:483][ 36]LogSlate: Window '찾기 결과' being destroyed
[2021.11.04-01.13.57:362][564]LogSlate: Window '콘텐츠 브라우저' being destroyed
[2021.11.04-01.13.57:365][564]LogSlate: Window '콘텐츠 브라우저' being destroyed
[2021.11.04-01.14.39:308][136]LogSlate: Window '클래스 뷰어' being destroyed
[2021.11.04-01.14.39:312][136]LogSlate: Window '클래스 뷰어' being destroyed
[2021.11.04-01.14.53:999][877]LogSlate: Window '내 블루프린트' being destroyed
[2021.11.04-01.14.54:002][877]LogSlate: Window '내 블루프린트' being destroyed
[2021.11.04-01.14.56:009][111]LogAssetEditorManager: Opening Asset editor for Blueprint /Game/Blueprints/MyMySecProjectGameModeBase.MyMySecProjectGameModeBase
[2021.11.04-01.14.56:229][111]LogSlate: Took 0.000175 seconds to synchronously load lazily loaded font '../../../Engine/Content/Slate/Fonts/Roboto-BoldCondensed.ttf' (158K)
[2021.11.04-01.15.06:361][321]LogSlate: Window 'MyMySecProjectGameModeBase' being destroyed
[2021.11.04-01.15.06:365][321]LogSlate: Window 'MyMySecProjectGameModeBase' being destroyed
[2021.11.04-01.15.06:428][321]LogActorComponent: UnregisterComponent: (/Engine/Transient.EditorFloorComp) Not registered. Aborting.
[2021.11.04-01.15.09:053][629]LogAssetEditorManager: Opening Asset editor for Blueprint /Game/Blueprints/MyMySecProjectGameModeBase.MyMySecProjectGameModeBase
[2021.11.04-01.15.19:406][842]LogSlate: Window 'MyMySecProjectGameModeBase' being destroyed
[2021.11.04-01.15.19:410][842]LogSlate: Window 'MyMySecProjectGameModeBase' being destroyed
[2021.11.04-01.15.29:114][238]LogSlate: FSceneViewport::OnFocusLost() reason 0
[2021.11.04-01.15.29:214][250]LogTemp: Repeating last play command: 선택된 뷰포트
[2021.11.04-01.15.29:221][250]LogPlayLevel: PlayLevel: No blueprints needed recompiling
[2021.11.04-01.15.29:233][250]PIE: New page: PIE 세션: MoveTestMap (2021/11/04 19:15:29)
[2021.11.04-01.15.29:233][250]LogPlayLevel: Creating play world package: /Game/Maps/UEDPIE_0_MoveTestMap
[2021.11.04-01.15.29:236][250]LogPlayLevel: PIE: StaticDuplicateObject took: (0.002718s)
[2021.11.04-01.15.29:236][250]LogAIModule: Creating AISystem for world MoveTestMap
[2021.11.04-01.15.29:237][250]LogPlayLevel: PIE: World Init took: (0.000769s)
[2021.11.04-01.15.29:237][250]LogPlayLevel: PIE: Created PIE world by copying editor world from /Game/Maps/MoveTestMap.MoveTestMap to /Game/Maps/UEDPIE_0_MoveTestMap.MoveTestMap (0.003597s)
[2021.11.04-01.15.29:328][250]LogInit: XAudio2 using '스피커(High Definition Audio Device)' : 2 channels at 48 kHz using 16 bits per sample (channel mask 0x3)
[2021.11.04-01.15.29:337][250]LogInit: FAudioDevice initialized.
[2021.11.04-01.15.29:378][250]LogLoad: Game class is 'MyMySecProjectGameModeBase_C'
[2021.11.04-01.15.29:379][250]LogWorld: Bringing World /Game/Maps/UEDPIE_0_MoveTestMap.MoveTestMap up for play (max tick rate 0) at 2021.11.04-10.15.29
[2021.11.04-01.15.29:398][250]LogWorld: Bringing up level for play took: 0.019426
[2021.11.04-01.15.29:413][250]LogContentBrowser: Native class hierarchy updated for 'MovieSceneCapture' in 0.0004 seconds. Added 10 classes and 0 folders.
[2021.11.04-01.15.29:426][250]PIE: /Game/Maps/UEDPIE_0_MoveTestMap 에 대한 에디터에서 플레이 시작 시간: -0.678
[2021.11.04-01.15.36:192][ 59]LogSlate: FSceneViewport::OnFocusLost() reason 0
[2021.11.04-01.15.36:277][ 69]LogSlate: Updating window title bar state: overlay mode, drag disabled, window buttons hidden, title bar hidden
[2021.11.04-01.15.36:310][ 69]LogPlayLevel: Display: Shutting down PIE online subsystems
[2021.11.04-01.15.36:344][ 69]LogSlate: Updating window title bar state: overlay mode, drag disabled, window buttons hidden, title bar hidden
[2021.11.04-01.15.36:380][ 73]LogPlayLevel: Display: Destroying online subsystem :Context_5
[2021.11.04-01.15.51:058][508]LogEditorViewport: Clicking on Actor (LMB): StaticMeshActor (Floor)
[2021.11.04-01.15.52:222][641]LogEditorViewport: Clicking on Actor (LMB): StaticMeshActor (Floor)
[2021.11.04-01.15.53:275][766]Cmd: TRANSACTION UNDO
[2021.11.04-01.15.53:275][766]LogEditorTransaction: Undo 액터 클릭
[2021.11.04-01.15.53:715][817]Cmd: TRANSACTION UNDO
[2021.11.04-01.15.53:715][817]LogEditorTransaction: Undo 액터 클릭
[2021.11.04-01.15.54:333][891]Cmd: TRANSACTION UNDO
[2021.11.04-01.15.54:333][891]LogEditorTransaction: Undo 액터 생성
[2021.11.04-01.15.55:547][ 35]LogSlate: FSceneViewport::OnFocusLost() reason 2
[2021.11.04-01.15.55:553][ 35]Cmd: OBJ SAVEPACKAGE PACKAGE="/Game/Maps/MoveTestMap" FILE="E:/UnrealGithub/D-2/Unreal_Second_Repo/MySecProject/Content/Maps/MoveTestMap.umap" SILENT=true AUTOSAVING=false KEEPDIRTY=false
[2021.11.04-01.15.55:611][ 35]LogSavePackage: Moving 'E:/UnrealGithub/D-2/Unreal_Second_Repo/MySecProject/Saved/MoveTestMap89EBEB5C44497745BC11F3B2929CB7BB.tmp' to 'E:/UnrealGithub/D-2/Unreal_Second_Repo/MySecProject/Content/Maps/MoveTestMap.umap'
[2021.11.04-01.15.55:627][ 35]Cmd: OBJ SAVEPACKAGE PACKAGE="/Game/Maps/MoveTestMap_BuiltData" FILE="E:/UnrealGithub/D-2/Unreal_Second_Repo/MySecProject/Content/Maps/MoveTestMap_BuiltData.uasset" SILENT=true
[2021.11.04-01.15.55:638][ 35]LogSavePackage: Moving 'E:/UnrealGithub/D-2/Unreal_Second_Repo/MySecProject/Saved/MoveTestMap_BuiltData916FD5B947B97D43BC721AB0AEDFA3A1.tmp' to 'E:/UnrealGithub/D-2/Unreal_Second_Repo/MySecProject/Content/Maps/MoveTestMap_BuiltData.uasset'
[2021.11.04-01.15.57:863][125]LogSlate: FSceneViewport::OnFocusLost() reason 0
[2021.11.04-01.15.58:034][125]Candidate modules for hot reload:
[2021.11.04-01.15.58:034][125]  MySecProject
[2021.11.04-01.15.58:034][125]Launching UnrealBuildTool... [D:/UE_4.20/Engine/Binaries/DotNET/UnrealBuildTool.exe  -ModuleWithSuffix=MySecProject,8027 Win64 Development -TargetType=Editor -Project="E:/UnrealGithub/D-2/Unreal_Second_Repo/MySecProject/MySecProject.uproject" -canskiplink "E:/UnrealGithub/D-2/Unreal_Second_Repo/MySecProject/MySecProject.uproject" ]
[2021.11.04-01.15.58:036][125]Warning: Starting HotReload took  0.0s.
[2021.11.04-01.15.59:529][304]CompilerResultsLog: New page: 컴파일 - 2021/11/04 19:15:59
[2021.11.04-01.15.59:529][304]CompilerResultsLog: Using 'git status' to determine working set for adaptive non-unity build.
[2021.11.04-01.15.59:529][304]CompilerResultsLog: Compiling game modules for hot reload
[2021.11.04-01.15.59:529][304]CompilerResultsLog: Target is up to date
[2021.11.04-01.15.59:529][304]CompilerResultsLog: Total build time: 1.30 seconds (NoActionsToExecute executor: 0.00 seconds)
[2021.11.04-01.15.59:529][304]LogMainFrame: MainFrame: Module compiling took 1.500 seconds
[2021.11.04-01.15.59:758][304]LogContentBrowser: Native class hierarchy populated in 0.0093 seconds. Added 2625 classes and 633 folders.
[2021.11.04-01.15.59:758][304]Display: HotReload took  1.7s.
[2021.11.04-01.16.07:539][327]LogEditorViewport: Clicking on Actor (LMB): StaticMeshActor (Floor)
[2021.11.04-01.16.09:143][514]LogSlate: FSceneViewport::OnFocusLost() reason 0
[2021.11.04-01.16.09:567][565]LogTemp: Repeating last play command: 선택된 뷰포트
[2021.11.04-01.16.09:574][565]LogPlayLevel: PlayLevel: No blueprints needed recompiling
[2021.11.04-01.16.09:574][565]PIE: New page: PIE 세션: MoveTestMap (2021/11/04 19:16:09)
[2021.11.04-01.16.09:574][565]LogPlayLevel: Creating play world package: /Game/Maps/UEDPIE_0_MoveTestMap
[2021.11.04-01.16.09:576][565]LogPlayLevel: PIE: StaticDuplicateObject took: (0.002572s)
[2021.11.04-01.16.09:577][565]LogAIModule: Creating AISystem for world MoveTestMap
[2021.11.04-01.16.09:577][565]LogPlayLevel: PIE: World Init took: (0.000609s)
[2021.11.04-01.16.09:577][565]LogPlayLevel: PIE: Created PIE world by copying editor world from /Game/Maps/MoveTestMap.MoveTestMap to /Game/Maps/UEDPIE_0_MoveTestMap.MoveTestMap (0.003279s)
[2021.11.04-01.16.09:665][565]LogInit: XAudio2 using '스피커(High Definition Audio Device)' : 2 channels at 48 kHz using 16 bits per sample (channel mask 0x3)
[2021.11.04-01.16.09:673][565]LogInit: FAudioDevice initialized.
[2021.11.04-01.16.09:714][565]LogLoad: Game class is 'MyMySecProjectGameModeBase_C'
[2021.11.04-01.16.09:715][565]LogWorld: Bringing World /Game/Maps/UEDPIE_0_MoveTestMap.MoveTestMap up for play (max tick rate 0) at 2021.11.04-10.16.09
[2021.11.04-01.16.09:715][565]LogWorld: Bringing up level for play took: 0.000734
[2021.11.04-01.16.09:728][565]PIE: /Game/Maps/UEDPIE_0_MoveTestMap 에 대한 에디터에서 플레이 시작 시간: -0.377
[2021.11.04-01.16.13:407][  5]LogSlate: FSceneViewport::OnFocusLost() reason 0
[2021.11.04-01.16.13:491][ 15]LogSlate: Updating window title bar state: overlay mode, drag disabled, window buttons hidden, title bar hidden
[2021.11.04-01.16.13:524][ 15]LogPlayLevel: Display: Shutting down PIE online subsystems
[2021.11.04-01.16.13:554][ 15]LogSlate: Updating window title bar state: overlay mode, drag disabled, window buttons hidden, title bar hidden
[2021.11.04-01.16.13:591][ 17]LogPlayLevel: Display: Destroying online subsystem :Context_8
[2021.11.04-01.16.17:097][163]LogTemp: Repeating last play command: 선택된 뷰포트
[2021.11.04-01.16.17:107][163]LogPlayLevel: PlayLevel: No blueprints needed recompiling
[2021.11.04-01.16.17:107][163]PIE: New page: PIE 세션: MoveTestMap (2021/11/04 19:16:17)
[2021.11.04-01.16.17:108][163]LogPlayLevel: Creating play world package: /Game/Maps/UEDPIE_0_MoveTestMap
[2021.11.04-01.16.17:110][163]LogPlayLevel: PIE: StaticDuplicateObject took: (0.002491s)
[2021.11.04-01.16.17:111][163]LogAIModule: Creating AISystem for world MoveTestMap
[2021.11.04-01.16.17:111][163]LogPlayLevel: PIE: World Init took: (0.000645s)
[2021.11.04-01.16.17:111][163]LogPlayLevel: PIE: Created PIE world by copying editor world from /Game/Maps/MoveTestMap.MoveTestMap to /Game/Maps/UEDPIE_0_MoveTestMap.MoveTestMap (0.003224s)
[2021.11.04-01.16.17:172][163]LogInit: XAudio2 using '스피커(High Definition Audio Device)' : 2 channels at 48 kHz using 16 bits per sample (channel mask 0x3)
[2021.11.04-01.16.17:181][163]LogInit: FAudioDevice initialized.
[2021.11.04-01.16.17:211][163]LogLoad: Game class is 'MyMySecProjectGameModeBase_C'
[2021.11.04-01.16.17:212][163]LogWorld: Bringing World /Game/Maps/UEDPIE_0_MoveTestMap.MoveTestMap up for play (max tick rate 0) at 2021.11.04-10.16.17
[2021.11.04-01.16.17:212][163]LogWorld: Bringing up level for play took: 0.000687
[2021.11.04-01.16.17:225][163]PIE: /Game/Maps/UEDPIE_0_MoveTestMap 에 대한 에디터에서 플레이 시작 시간: -0.879
[2021.11.04-01.16.28:726][542]LogSlate: FSceneViewport::OnFocusLost() reason 0
[2021.11.04-01.16.28:810][552]LogSlate: Updating window title bar state: overlay mode, drag disabled, window buttons hidden, title bar hidden
[2021.11.04-01.16.28:841][552]LogPlayLevel: Display: Shutting down PIE online subsystems
[2021.11.04-01.16.28:874][552]LogSlate: Updating window title bar state: overlay mode, drag disabled, window buttons hidden, title bar hidden
[2021.11.04-01.16.28:911][556]LogPlayLevel: Display: Destroying online subsystem :Context_9
[2021.11.04-01.16.30:215][702]Cmd: OBJ SAVEPACKAGE PACKAGE="/Game/Maps/MoveTestMap" FILE="E:/UnrealGithub/D-2/Unreal_Second_Repo/MySecProject/Content/Maps/MoveTestMap.umap" SILENT=true AUTOSAVING=false KEEPDIRTY=false
[2021.11.04-01.16.30:270][702]LogSavePackage: Moving 'E:/UnrealGithub/D-2/Unreal_Second_Repo/MySecProject/Saved/MoveTestMapC286EB2D451BDDDBBC79BAAA74A19CD5.tmp' to 'E:/UnrealGithub/D-2/Unreal_Second_Repo/MySecProject/Content/Maps/MoveTestMap.umap'
[2021.11.04-01.16.30:284][702]Cmd: OBJ SAVEPACKAGE PACKAGE="/Game/Maps/MoveTestMap_BuiltData" FILE="E:/UnrealGithub/D-2/Unreal_Second_Repo/MySecProject/Content/Maps/MoveTestMap_BuiltData.uasset" SILENT=true
[2021.11.04-01.16.30:291][702]LogSavePackage: Moving 'E:/UnrealGithub/D-2/Unreal_Second_Repo/MySecProject/Saved/MoveTestMap_BuiltData9DCE2F944A7A8CA0E7D389A44BC68359.tmp' to 'E:/UnrealGithub/D-2/Unreal_Second_Repo/MySecProject/Content/Maps/MoveTestMap_BuiltData.uasset'
